This is pdfTeX, Version 3.141592653-2.6-1.40.29 (TeX Live 2026) (preloaded format=pdflatex 2026.4.18)  11 MAY 2026 22:44
entering extended mode
 restricted \write18 enabled.
 %&-line parsing enabled.
**projekt.tex
(./projekt.tex
LaTeX2e <2025-11-01>
L3 programming layer <2026-03-20>
(./fitthesis.cls
Document Class: fitthesis 2022/11/14 Sablona pro BP/DP
(/home/jakito/.local/texlive/2026/texmf-dist/tex/latex/base/report.cls
Document Class: report 2025/01/22 v1.4n Standard LaTeX document class
(/home/jakito/.local/texlive/2026/texmf-dist/tex/latex/base/size11.clo
File: size11.clo 2025/01/22 v1.4n Standard LaTeX file (size option)
)
\c@part=\count275
\c@chapter=\count276
\c@section=\count277
\c@subsection=\count278
\c@subsubsection=\count279
\c@paragraph=\count280
\c@subparagraph=\count281
\c@figure=\count282
\c@table=\count283
\abovecaptionskip=\skip49
\belowcaptionskip=\skip50
\bibindent=\dimen150
)
(/home/jakito/.local/texlive/2026/texmf-dist/tex/latex/amsmath/amsmath.sty
Package: amsmath 2025/07/09 v2.17z AMS math features
\@mathmargin=\skip51

For additional information on amsmath, use the `?' option.
(/home/jakito/.local/texlive/2026/texmf-dist/tex/latex/amsmath/amstext.sty
Package: amstext 2024/11/17 v2.01 AMS text

(/home/jakito/.local/texlive/2026/texmf-dist/tex/latex/amsmath/amsgen.sty
File: amsgen.sty 1999/11/30 v2.0 generic functions
\@emptytoks=\toks17
\ex@=\dimen151
))
(/home/jakito/.local/texlive/2026/texmf-dist/tex/latex/amsmath/amsbsy.sty
Package: amsbsy 1999/11/29 v1.2d Bold Symbols
\pmbraise@=\dimen152
)
(/home/jakito/.local/texlive/2026/texmf-dist/tex/latex/amsmath/amsopn.sty
Package: amsopn 2022/04/08 v2.04 operator names
)
\inf@bad=\count284
LaTeX Info: Redefining \frac on input line 233.
\uproot@=\count285
\leftroot@=\count286
LaTeX Info: Redefining \overline on input line 398.
LaTeX Info: Redefining \colon on input line 409.
\classnum@=\count287
\DOTSCASE@=\count288
LaTeX Info: Redefining \ldots on input line 495.
LaTeX Info: Redefining \dots on input line 498.
LaTeX Info: Redefining \cdots on input line 619.
\Mathstrutbox@=\box53
\strutbox@=\box54
LaTeX Info: Redefining \big on input line 721.
LaTeX Info: Redefining \Big on input line 722.
LaTeX Info: Redefining \bigg on input line 723.
LaTeX Info: Redefining \Bigg on input line 724.
\big@size=\dimen153
LaTeX Font Info:    Redeclaring font encoding OML on input line 742.
LaTeX Font Info:    Redeclaring font encoding OMS on input line 743.
\macc@depth=\count289
LaTeX Info: Redefining \bmod on input line 904.
LaTeX Info: Redefining \pmod on input line 909.
LaTeX Info: Redefining \smash on input line 939.
LaTeX Info: Redefining \relbar on input line 969.
LaTeX Info: Redefining \Relbar on input line 970.
\c@MaxMatrixCols=\count290
\dotsspace@=\muskip17
\c@parentequation=\count291
\dspbrk@lvl=\count292
\tag@help=\toks18
\row@=\count293
\column@=\count294
\maxfields@=\count295
\andhelp@=\toks19
\eqnshift@=\dimen154
\alignsep@=\dimen155
\tagshift@=\dimen156
\tagwidth@=\dimen157
\totwidth@=\dimen158
\lineht@=\dimen159
\@envbody=\toks20
\multlinegap=\skip52
\multlinetaggap=\skip53
\mathdisplay@stack=\toks21
LaTeX Info: Redefining \[ on input line 2950.
LaTeX Info: Redefining \] on input line 2951.
)
(/home/jakito/.local/texlive/2026/texmf-dist/tex/latex/amsfonts/amssymb.sty
Package: amssymb 2013/01/14 v3.01 AMS font symbols

(/home/jakito/.local/texlive/2026/texmf-dist/tex/latex/amsfonts/amsfonts.sty
Package: amsfonts 2013/01/14 v3.01 Basic AMSFonts support
\symAMSa=\mathgroup4
\symAMSb=\mathgroup5
LaTeX Font Info:    Redeclaring math symbol \hbar on input line 98.
LaTeX Font Info:    Overwriting math alphabet `\mathfrak' in version `bold'
(Font)                  U/euf/m/n --> U/euf/b/n on input line 106.
))
(/home/jakito/.local/texlive/2026/texmf-dist/tex/generic/babel/babel.sty
Package: babel 2026/04/15 v26.6 The multilingual framework for LuaLaTeX, pdfLaT
eX and XeLaTeX
\babel@savecnt=\count296
LaTeX Encoding Info:    Redeclaring text command \ij (encoding OT1) on input li
ne 2078.
LaTeX Encoding Info:    Redeclaring text command \IJ (encoding OT1) on input li
ne 2080.
LaTeX Encoding Info:    Redeclaring text command \ij (encoding T1) on input lin
e 2082.
LaTeX Encoding Info:    Redeclaring text command \IJ (encoding T1) on input lin
e 2083.
LaTeX Encoding Info:    Ignoring declaration for text command \ij (encoding ?) 
on input line 2084.
LaTeX Encoding Info:    Ignoring declaration for text command \IJ (encoding ?) 
on input line 2086.
LaTeX Encoding Info:    Ignoring declaration for text command \SS (encoding ?) 
on input line 2111.
\U@D=\dimen160
\l@unhyphenated=\language23

(/home/jakito/.local/texlive/2026/texmf-dist/tex/generic/babel/txtbabel.def)
\bbl@readstream=\read2
\bbl@dirlevel=\count297

(/home/jakito/.local/texlive/2026/texmf-dist/tex/generic/babel/locale/en/babel-
english.tex)
(/home/jakito/.local/texlive/2026/texmf-dist/tex/generic/babel/locale/cs/babel-
czech.tex)
(/home/jakito/.local/texlive/2026/texmf-dist/tex/generic/babel/locale/en/babel-
english.tex)
Package babel Info: Importing font and identification data for czech
(babel)             from babel-cs.ini. Reported on input line 4330.

(/home/jakito/.local/texlive/2026/texmf-dist/tex/generic/babel-czech/czech.ldf
Language: czech 2008/07/06 v3.1a Czech support from the babel system
Package babel Info: Making " an active character on input line 172.
\cs@wordlen=\count298
Package babel Info: Making - an active character on input line 226.
)
Package babel Info: Importing font and identification data for english
(babel)             from babel-en.ini. Reported on input line 4330.

(/home/jakito/.local/texlive/2026/texmf-dist/tex/generic/babel-english/english.
ldf
Language: english 2017/06/06 v3.3r English support from the babel system
Package babel Info: Hyphen rules for 'canadian' set to \l@english
(babel)             (\language0). Reported on input line 102.
Package babel Info: Hyphen rules for 'australian' set to \l@ukenglish
(babel)             (\language7). Reported on input line 105.
Package babel Info: Hyphen rules for 'newzealand' set to \l@ukenglish
(babel)             (\language7). Reported on input line 108.
)) (/home/jakito/.local/texlive/2026/texmf-dist/tex/latex/base/inputenc.sty
Package: inputenc 2024/02/08 v1.3d Input encoding file
\inpenc@prehook=\toks22
\inpenc@posthook=\toks23
) (/home/jakito/.local/texlive/2026/texmf-dist/tex/latex/cmap/cmap.sty
Package: cmap 2021/02/06 v1.0j CMap support: searchable PDF
)
(/home/jakito/.local/texlive/2026/texmf-dist/tex/latex/base/fontenc.sty
Package: fontenc 2025/07/18 v2.1d Standard LaTeX package
<<t1.cmap>>) (/home/jakito/.local/texlive/2026/texmf-dist/tex/latex/url/url.sty
\Urlmuskip=\muskip18
Package: url 2013/09/16  ver 3.4  Verb mode for urls, etc.
)
(/home/jakito/.local/texlive/2026/texmf-dist/tex/latex/ragged2e/ragged2e.sty
Package: ragged2e 2023/06/22 v3.6 ragged2e Package
\CenteringLeftskip=\skip54
\RaggedLeftLeftskip=\skip55
\RaggedRightLeftskip=\skip56
\CenteringRightskip=\skip57
\RaggedLeftRightskip=\skip58
\RaggedRightRightskip=\skip59
\CenteringParfillskip=\skip60
\RaggedLeftParfillskip=\skip61
\RaggedRightParfillskip=\skip62
\JustifyingParfillskip=\skip63
\CenteringParindent=\skip64
\RaggedLeftParindent=\skip65
\RaggedRightParindent=\skip66
\JustifyingParindent=\skip67
)
(/home/jakito/.local/texlive/2026/texmf-dist/tex/latex/graphics/color.sty
Package: color 2025/01/14 v1.3e Standard LaTeX Color (DPC)

(/home/jakito/.local/texlive/2026/texmf-dist/tex/latex/graphics-cfg/color.cfg
File: color.cfg 2016/01/02 v1.6 sample color configuration
)
Package color Info: Driver file: pdftex.def on input line 149.

(/home/jakito/.local/texlive/2026/texmf-dist/tex/latex/graphics-def/pdftex.def
File: pdftex.def 2025/09/29 v1.2d Graphics/color driver for pdftex
) (/home/jakito/.local/texlive/2026/texmf-dist/tex/latex/graphics/mathcolor.ltx
)) (/home/jakito/.local/texlive/2026/texmf-dist/tex/latex/etoolbox/etoolbox.sty
Package: etoolbox 2025/10/02 v2.5m e-TeX tools for LaTeX (JAW)
\etb@tempcnta=\count299
) (/home/jakito/.local/texlive/2026/texmf-dist/tex/latex/enumitem/enumitem.sty
Package: enumitem 2025/02/06 v3.11 Customized lists
\enitkv@toks@=\toks24
\labelindent=\skip68
\enit@outerparindent=\dimen161
\enit@toks=\toks25
\enit@inbox=\box55
\enit@count@id=\count300
\enitdp@description=\count301
)
(/home/jakito/.local/texlive/2026/texmf-dist/tex/latex/graphics/graphicx.sty
Package: graphicx 2024/12/31 v1.2e Enhanced LaTeX Graphics (DPC,SPQR)

(/home/jakito/.local/texlive/2026/texmf-dist/tex/latex/graphics/keyval.sty
Package: keyval 2022/05/29 v1.15 key=value parser (DPC)
\KV@toks@=\toks26
)
(/home/jakito/.local/texlive/2026/texmf-dist/tex/latex/graphics/graphics.sty
Package: graphics 2024/08/06 v1.4g Standard LaTeX Graphics (DPC,SPQR)

(/home/jakito/.local/texlive/2026/texmf-dist/tex/latex/graphics/trig.sty
Package: trig 2023/12/02 v1.11 sin cos tan (DPC)
)
(/home/jakito/.local/texlive/2026/texmf-dist/tex/latex/graphics-cfg/graphics.cf
g
File: graphics.cfg 2016/06/04 v1.11 sample graphics configuration
)
Package graphics Info: Driver file: pdftex.def on input line 106.
)
\Gin@req@height=\dimen162
\Gin@req@width=\dimen163
)
\mkspc=\skip69
\DESCRIPTION@totalleftmargin=\skip70
\DESCRIPTION@linewidth=\skip71

(/home/jakito/.local/texlive/2026/texmf-dist/tex/latex/opensans/opensans.sty
Package: opensans 2019/06/20 Style file for Open Sans.

(/home/jakito/.local/texlive/2026/texmf-dist/tex/latex/fontaxes/fontaxes.sty
Package: fontaxes 2026-01-02 v2.0.2 Font selection axes (deprecated)
Applying: [0000-00-00] Fall back to v1 on input line 76.

(/home/jakito/.local/texlive/2026/texmf-dist/tex/latex/fontaxes/fontaxes-v1.sty
Package: fontaxes 2020/07/21 v1.0e Font selection axes
LaTeX Info: Redefining \upshape on input line 29.
LaTeX Info: Redefining \itshape on input line 31.
LaTeX Info: Redefining \slshape on input line 33.
LaTeX Info: Redefining \swshape on input line 35.
LaTeX Info: Redefining \scshape on input line 37.
LaTeX Info: Redefining \sscshape on input line 39.
LaTeX Info: Redefining \ulcshape on input line 41.
LaTeX Info: Redefining \textsw on input line 47.
LaTeX Info: Redefining \textssc on input line 48.
LaTeX Info: Redefining \textulc on input line 49.
)) (/home/jakito/.local/texlive/2026/texmf-dist/tex/generic/iftex/ifluatex.sty
Package: ifluatex 2019/10/25 v1.5 ifluatex legacy package. Use iftex instead.

(/home/jakito/.local/texlive/2026/texmf-dist/tex/generic/iftex/iftex.sty
Package: iftex 2024/12/12 v1.0g TeX engine tests
))
(/home/jakito/.local/texlive/2026/texmf-dist/tex/generic/iftex/ifxetex.sty
Package: ifxetex 2019/10/25 v0.7 ifxetex legacy package. Use iftex instead.
)
(/home/jakito/.local/texlive/2026/texmf-dist/tex/latex/xkeyval/xkeyval.sty
Package: xkeyval 2025/11/04 v2.10 package option processing (HA)

(/home/jakito/.local/texlive/2026/texmf-dist/tex/generic/xkeyval/xkeyval.tex
(/home/jakito/.local/texlive/2026/texmf-dist/tex/generic/xkeyval/xkvutils.tex
\XKV@toks=\toks27
\XKV@tempa@toks=\toks28
\XKV@tempb@toks=\toks29
)
\XKV@depth=\count302
File: xkeyval.tex 2014/12/03 v2.7a key=value parser (HA)
))) (/home/jakito/.local/texlive/2026/texmf-dist/tex/latex/float/float.sty
Package: float 2001/11/08 v1.3d Float enhancements (AL)
\c@float@type=\count303
\float@exts=\toks30
\float@box=\box56
\@float@everytoks=\toks31
\@floatcapt=\box57
)
(/home/jakito/.local/texlive/2026/texmf-dist/tex/latex/tools/calc.sty
Package: calc 2025/03/01 v4.3b Infix arithmetic (KKT,FJ)
\calc@Acount=\count304
\calc@Bcount=\count305
\calc@Adimen=\dimen164
\calc@Bdimen=\dimen165
\calc@Askip=\skip72
\calc@Bskip=\skip73
LaTeX Info: Redefining \setlength on input line 86.
LaTeX Info: Redefining \addtolength on input line 87.
\calc@Ccount=\count306
\calc@Cskip=\skip74
)
(/home/jakito/.local/texlive/2026/texmf-dist/tex/latex/tools/longtable.sty
Package: longtable 2025-10-13 v4.24 Multi-page Table package (DPC)
\LTleft=\skip75
\LTright=\skip76
\LTpre=\skip77
\LTpost=\skip78
\LTchunksize=\count307
\LTcapwidth=\dimen166
\LT@head=\box58
\LT@firsthead=\box59
\LT@foot=\box60
\LT@lastfoot=\box61
\LT@gbox=\box62
\LT@cols=\count308
\LT@rows=\count309
\c@LT@tables=\count310
\c@LT@chunks=\count311
\LT@p@ftn=\toks32
)
(/home/jakito/.local/texlive/2026/texmf-dist/tex/latex/booktabs/booktabs.sty
Package: booktabs 2020/01/12 v1.61803398 Publication quality tables
\heavyrulewidth=\dimen167
\lightrulewidth=\dimen168
\cmidrulewidth=\dimen169
\belowrulesep=\dimen170
\belowbottomsep=\dimen171
\aboverulesep=\dimen172
\abovetopsep=\dimen173
\cmidrulesep=\dimen174
\cmidrulekern=\dimen175
\defaultaddspace=\dimen176
\@cmidla=\count312
\@cmidlb=\count313
\@aboverulesep=\dimen177
\@belowrulesep=\dimen178
\@thisruleclass=\count314
\@lastruleclass=\count315
\@thisrulewidth=\dimen179
)
(/home/jakito/.local/texlive/2026/texmf-dist/tex/latex/xcolor/xcolor.sty
Package: xcolor 2024/09/29 v3.02 LaTeX color extensions (UK)

(/home/jakito/.local/texlive/2026/texmf-dist/tex/latex/graphics-cfg/color.cfg
File: color.cfg 2016/01/02 v1.6 sample color configuration
)
Package xcolor Info: Driver file: pdftex.def on input line 274.
LaTeX Info: Redefining \color on input line 762.

(/home/jakito/.local/texlive/2026/texmf-dist/tex/latex/graphics/mathcolor.ltx)
Package xcolor Info: Model `cmy' substituted by `cmy0' on input line 1349.
Package xcolor Info: Model `hsb' substituted by `rgb' on input line 1353.
Package xcolor Info: Model `RGB' extended on input line 1365.
Package xcolor Info: Model `HTML' substituted by `rgb' on input line 1367.
Package xcolor Info: Model `Hsb' substituted by `hsb' on input line 1368.
Package xcolor Info: Model `tHsb' substituted by `hsb' on input line 1369.
Package xcolor Info: Model `HSB' substituted by `hsb' on input line 1370.
Package xcolor Info: Model `Gray' substituted by `gray' on input line 1371.
Package xcolor Info: Model `wave' substituted by `hsb' on input line 1372.
) (/home/jakito/.local/texlive/2026/texmf-dist/tex/latex/colortbl/colortbl.sty
Package: colortbl 2024/10/29 v1.0k Color table columns (DPC)

(/home/jakito/.local/texlive/2026/texmf-dist/tex/latex/tools/array.sty
Package: array 2025/09/25 v2.6n Tabular extension package (FMi)
\col@sep=\dimen180
\ar@mcellbox=\box63
\extrarowheight=\dimen181
\NC@list=\toks33
\extratabsurround=\skip79
\backup@length=\skip80
\ar@cellbox=\box64
)
\everycr=\toks34
\minrowclearance=\skip81
\rownum=\count316
)
(/home/jakito/.local/texlive/2026/texmf-dist/tex/latex/multirow/multirow.sty
Package: multirow 2024/11/12 v2.9 Span multiple rows of a table
\multirow@colwidth=\skip82
\multirow@cntb=\count317
\multirow@dima=\skip83
\bigstrutjot=\dimen182
)
(/home/jakito/.local/texlive/2026/texmf-dist/tex/latex/tools/tabularx.sty
Package: tabularx 2023/12/11 v2.12a `tabularx' package (DPC)
\TX@col@width=\dimen183
\TX@old@table=\dimen184
\TX@old@col=\dimen185
\TX@target=\dimen186
\TX@delta=\dimen187
\TX@cols=\count318
\TX@ftn=\toks35
)
(/home/jakito/.local/texlive/2026/texmf-dist/tex/latex/blindtext/blindtext.sty
Package: blindtext 2012/01/06 V2.0 blindtext-Package

(/home/jakito/.local/texlive/2026/texmf-dist/tex/latex/tools/xspace.sty
Package: xspace 2014/10/28 v1.13 Space after command names (DPC,MH)
)
\c@blindtext=\count319
\c@Blindtext=\count320
\c@blind@countparstart=\count321
\blind@countxx=\count322
\blindtext@numBlindtext=\count323
\blind@countyy=\count324
\c@blindlist=\count325
\c@blindlistlevel=\count326
\c@blindlist@level=\count327
\blind@listitem=\count328
\c@blind@listcount=\count329
\c@blind@levelcount=\count330
\blind@mathformula=\count331
\blind@Mathformula=\count332
\c@blind@randomcount=\count333
\c@blind@randommax=\count334
\c@blind@pangramcount=\count335
\c@blind@pangrammax=\count336
)
(/home/jakito/.local/texlive/2026/texmf-dist/tex/latex/listings/listings.sty
\lst@mode=\count337
\lst@gtempboxa=\box65
\lst@token=\toks36
\lst@length=\count338
\lst@currlwidth=\dimen188
\lst@column=\count339
\lst@pos=\count340
\lst@lostspace=\dimen189
\lst@width=\dimen190
\lst@newlines=\count341
\lst@lineno=\count342
\lst@maxwidth=\dimen191

(/home/jakito/.local/texlive/2026/texmf-dist/tex/latex/listings/lstpatch.sty
File: lstpatch.sty 2025/11/14 1.11b (Carsten Heinz)
)
(/home/jakito/.local/texlive/2026/texmf-dist/tex/latex/listings/lstmisc.sty
File: lstmisc.sty 2025/11/14 1.11b (Carsten Heinz)
\c@lstnumber=\count343
\lst@skipnumbers=\count344
\lst@framebox=\box66
)
(/home/jakito/.local/texlive/2026/texmf-dist/tex/latex/listings/listings.cfg
File: listings.cfg 2025/11/14 1.11b listings configuration
))
Package: listings 2025/11/14 1.11b (Carsten Heinz)

==> First Aid for listings.sty no longer applied!
    Expected:
        2024/09/23 1.10c (Carsten Heinz)
    but found:
        2025/11/14 1.11b (Carsten Heinz)
    so I'm assuming it got fixed.
(/home/jakito/.local/texlive/2026/texmf-dist/tex/latex/appendix/appendix.sty
Package: appendix 2020/02/08 v1.2c extra appendix facilities
\c@@pps=\count345
\c@@ppsavesec=\count346
\c@@ppsaveapp=\count347
)
(/home/jakito/.local/texlive/2026/texmf-dist/tex/latex/titlesec/titletoc.sty
Package: titletoc 2025/01/04 v2.17 TOC entries
\ttl@leftsep=\dimen192
)
(/home/jakito/.local/texlive/2026/texmf-dist/tex/latex/regexpatch/regexpatch.st
y (/home/jakito/.local/texlive/2026/texmf-dist/tex/latex/l3kernel/expl3.sty
Package: expl3 2026-03-20 L3 programming layer (loader) 

(/home/jakito/.local/texlive/2026/texmf-dist/tex/latex/l3backend/l3backend-pdft
ex.def
File: l3backend-pdftex.def 2026-02-18 L3 backend support: PDF output (pdfTeX)
\l__color_backend_stack_int=\count348
))
Package: regexpatch 2021/03/21 v0.2f Extending etoolbox patching commands

(/home/jakito/.local/texlive/2026/texmf-dist/tex/latex/l3packages/xparse/xparse
.sty
Package: xparse 2025-10-09 L3 Experimental document command parser
)))
(/home/jakito/.local/texlive/2026/texmf-dist/tex/latex/hyperref/hyperref.sty
Package: hyperref 2026-01-29 v7.01p Hypertext links for LaTeX

(/home/jakito/.local/texlive/2026/texmf-dist/tex/latex/kvsetkeys/kvsetkeys.sty
Package: kvsetkeys 2022-10-05 v1.19 Key value parser (HO)
)
(/home/jakito/.local/texlive/2026/texmf-dist/tex/generic/kvdefinekeys/kvdefinek
eys.sty
Package: kvdefinekeys 2019-12-19 v1.6 Define keys (HO)
)
(/home/jakito/.local/texlive/2026/texmf-dist/tex/generic/pdfescape/pdfescape.st
y
Package: pdfescape 2019/12/09 v1.15 Implements pdfTeX's escape features (HO)
 (/home/jakito/.local/texlive/2026/texmf-dist/tex/generic/ltxcmds/ltxcmds.sty
Package: ltxcmds 2023-12-04 v1.26 LaTeX kernel commands for general use (HO)
)
(/home/jakito/.local/texlive/2026/texmf-dist/tex/generic/pdftexcmds/pdftexcmds.
sty
Package: pdftexcmds 2020-06-27 v0.33 Utility functions of pdfTeX for LuaTeX (HO
)

(/home/jakito/.local/texlive/2026/texmf-dist/tex/generic/infwarerr/infwarerr.st
y
Package: infwarerr 2019/12/03 v1.5 Providing info/warning/error messages (HO)
)
Package pdftexcmds Info: \pdf@primitive is available.
Package pdftexcmds Info: \pdf@ifprimitive is available.
Package pdftexcmds Info: \pdfdraftmode found.
)) (/home/jakito/.local/texlive/2026/texmf-dist/tex/latex/hycolor/hycolor.sty
Package: hycolor 2020-01-27 v1.10 Color options for hyperref/bookmark (HO)
) (/home/jakito/.local/texlive/2026/texmf-dist/tex/latex/hyperref/nameref.sty
Package: nameref 2026-01-29 v2.58 Cross-referencing by name of section

(/home/jakito/.local/texlive/2026/texmf-dist/tex/latex/refcount/refcount.sty
Package: refcount 2019/12/15 v3.6 Data extraction from label references (HO)
)
(/home/jakito/.local/texlive/2026/texmf-dist/tex/generic/gettitlestring/gettitl
estring.sty
Package: gettitlestring 2019/12/15 v1.6 Cleanup title references (HO)

(/home/jakito/.local/texlive/2026/texmf-dist/tex/latex/kvoptions/kvoptions.sty
Package: kvoptions 2022-06-15 v3.15 Key value format for package options (HO)
))
\c@section@level=\count349
)
(/home/jakito/.local/texlive/2026/texmf-dist/tex/generic/stringenc/stringenc.st
y
Package: stringenc 2019/11/29 v1.12 Convert strings between diff. encodings (HO
)
)
\@linkdim=\dimen193
\Hy@linkcounter=\count350
\Hy@pagecounter=\count351
 (/home/jakito/.local/texlive/2026/texmf-dist/tex/latex/hyperref/pd1enc.def
File: pd1enc.def 2026-01-29 v7.01p Hyperref: PDFDocEncoding definition (HO)
Now handling font encoding PD1 ...
... no UTF-8 mapping file for font encoding PD1
)
(/home/jakito/.local/texlive/2026/texmf-dist/tex/generic/intcalc/intcalc.sty
Package: intcalc 2019/12/15 v1.3 Expandable calculations with integers (HO)
)
\Hy@SavedSpaceFactor=\count352

(/home/jakito/.local/texlive/2026/texmf-dist/tex/latex/hyperref/puenc.def
File: puenc.def 2026-01-29 v7.01p Hyperref: PDF Unicode definition (HO)
Now handling font encoding PU ...
... no UTF-8 mapping file for font encoding PU
)
Package hyperref Info: Option `unicode' set `true' on input line 4072.
Package hyperref Info: Option `colorlinks' set `true' on input line 4072.
Package hyperref Info: Option `hyperindex' set `true' on input line 4072.
Package hyperref Info: Option `plainpages' set `false' on input line 4072.
Package hyperref Info: Hyper figures OFF on input line 4201.
Package hyperref Info: Link nesting OFF on input line 4206.
Package hyperref Info: Hyper index ON on input line 4209.
Package hyperref Info: Plain pages OFF on input line 4216.
Package hyperref Info: Backreferencing OFF on input line 4221.
Package hyperref Info: Implicit mode ON; LaTeX internals redefined.
Package hyperref Info: Bookmarks ON on input line 4468.
\c@Hy@tempcnt=\count353
LaTeX Info: Redefining \url on input line 4807.
\XeTeXLinkMargin=\dimen194

(/home/jakito/.local/texlive/2026/texmf-dist/tex/generic/bitset/bitset.sty
Package: bitset 2019/12/09 v1.3 Handle bit-vector datatype (HO)

(/home/jakito/.local/texlive/2026/texmf-dist/tex/generic/bigintcalc/bigintcalc.
sty
Package: bigintcalc 2019/12/15 v1.5 Expandable calculations on big integers (HO
)
))
\Fld@menulength=\count354
\Field@Width=\dimen195
\Fld@charsize=\dimen196
Package hyperref Info: Hyper figures OFF on input line 6084.
Package hyperref Info: Link nesting OFF on input line 6089.
Package hyperref Info: Hyper index ON on input line 6092.
Package hyperref Info: backreferencing OFF on input line 6099.
Package hyperref Info: Link coloring ON on input line 6102.
Package hyperref Info: Link coloring with OCG OFF on input line 6109.
Package hyperref Info: PDF/A mode OFF on input line 6114.
\Hy@abspage=\count355
\c@Item=\count356
\c@Hfootnote=\count357
)
Package hyperref Info: Driver: hpdftex.

(/home/jakito/.local/texlive/2026/texmf-dist/tex/latex/hyperref/hpdftex.def
File: hpdftex.def 2026-01-29 v7.01p Hyperref driver for pdfTeX
\Fld@listcount=\count358
\c@bookmark@seq@number=\count359

(/home/jakito/.local/texlive/2026/texmf-dist/tex/latex/rerunfilecheck/rerunfile
check.sty
Package: rerunfilecheck 2025-06-21 v1.11 Rerun checks for auxiliary files (HO)

(/home/jakito/.local/texlive/2026/texmf-dist/tex/generic/uniquecounter/uniqueco
unter.sty
Package: uniquecounter 2019/12/15 v1.4 Provide unlimited unique counter (HO)
)
Package uniquecounter Info: New unique counter `rerunfilecheck' on input line 2
84.
)
\Hy@SectionHShift=\skip84
)
(/home/jakito/.local/texlive/2026/texmf-dist/tex/latex/hypcap/hypcap.sty
Package: hypcap 2024-07-26 v1.13 Adjusting the anchors of captions (HO)

(/home/jakito/.local/texlive/2026/texmf-dist/tex/latex/letltxmacro/letltxmacro.
sty
Package: letltxmacro 2019/12/03 v1.6 Let assignment for LaTeX macros (HO)
))
\enitdp@checklist=\count360
LaTeX Font Info:    Trying to load font information for T1+lmr on input line 19
7.
 (/home/jakito/.local/texlive/2026/texmf-dist/tex/latex/lm/t1lmr.fd
File: t1lmr.fd 2015/05/01 v1.6.1 Font defs for Latin Modern
)
(./projekt.aux)
\openout1 = `projekt.aux'.

LaTeX Font Info:    Checking defaults for OML/cmm/m/it on input line 197.
LaTeX Font Info:    ... okay on input line 197.
LaTeX Font Info:    Checking defaults for OMS/cmsy/m/n on input line 197.
LaTeX Font Info:    ... okay on input line 197.
LaTeX Font Info:    Checking defaults for OT1/cmr/m/n on input line 197.
LaTeX Font Info:    ... okay on input line 197.
LaTeX Font Info:    Checking defaults for T1/cmr/m/n on input line 197.
LaTeX Font Info:    ... okay on input line 197.
LaTeX Font Info:    Checking defaults for TS1/cmr/m/n on input line 197.
LaTeX Font Info:    ... okay on input line 197.
LaTeX Font Info:    Checking defaults for OMX/cmex/m/n on input line 197.
LaTeX Font Info:    ... okay on input line 197.
LaTeX Font Info:    Checking defaults for U/cmr/m/n on input line 197.
LaTeX Font Info:    ... okay on input line 197.
LaTeX Font Info:    Checking defaults for PD1/pdf/m/n on input line 197.
LaTeX Font Info:    ... okay on input line 197.
LaTeX Font Info:    Checking defaults for PU/pdf/m/n on input line 197.
LaTeX Font Info:    ... okay on input line 197.

(/home/jakito/.local/texlive/2026/texmf-dist/tex/context/base/mkii/supp-pdf.mki
i
[Loading MPS to PDF converter (version 2006.09.02).]
\scratchcounter=\count361
\scratchdimen=\dimen197
\scratchbox=\box67
\nofMPsegments=\count362
\nofMParguments=\count363
\everyMPshowfont=\toks37
\MPscratchCnt=\count364
\MPscratchDim=\dimen198
\MPnumerator=\count365
\makeMPintoPDFobject=\count366
\everyMPtoPDFconversion=\toks38
)
(/home/jakito/.local/texlive/2026/texmf-dist/tex/latex/epstopdf-pkg/epstopdf-ba
se.sty
Package: epstopdf-base 2020-01-24 v2.11 Base part for package epstopdf
 (/home/jakito/.local/texlive/2026/texmf-dist/tex/latex/grfext/grfext.sty
Package: grfext 2019/12/03 v1.3 Manage graphics extensions (HO)
)
Package epstopdf-base Info: Redefining graphics rule for `.eps' on input line 4
85.
Package grfext Info: Graphics extension search list:
(grfext)             [.pdf,.png,.jpg,.mps,.jpeg,.jbig2,.jb2,.PDF,.PNG,.JPG,.JPE
G,.JBIG2,.JB2,.eps]
(grfext)             \AppendGraphicsExtensions on input line 504.

(/home/jakito/.local/texlive/2026/texmf-dist/tex/latex/latexconfig/epstopdf-sys
.cfg
File: epstopdf-sys.cfg 2010/07/13 v1.3 Configuration of (r)epstopdf for TeX Liv
e
))
\c@mv@tabular=\count367
\c@mv@boldtabular=\count368
\c@lstlisting=\count369
Package hyperref Info: Link coloring ON on input line 197.
 (./projekt.out) (./projekt.out)
\@outlinefile=\write3
\openout3 = `projekt.out'.

LaTeX Font Info:    Trying to load font information for T1+qhv on input line 20
3.

(/home/jakito/.local/texlive/2026/texmf-dist/tex/latex/tex-gyre/t1qhv.fd
File: t1qhv.fd 2009/09/25 v1.2 font definition file for T1/qhv
)
\@obrlogo=\box68
\@rtext=\box69
\@vyskartext=\skip85
\@sirkartext=\skip86
\@vyskaobr=\skip87
\@sirkaobr=\skip88
<template-fig/VUT_symbol_barevne_CMYK_CZ.pdf, id=210, 167.13641pt x 165.87971pt
>
File: template-fig/VUT_symbol_barevne_CMYK_CZ.pdf Graphic file (type pdf)
<use template-fig/VUT_symbol_barevne_CMYK_CZ.pdf>
Package pdftex.def Info: template-fig/VUT_symbol_barevne_CMYK_CZ.pdf  used on i
nput line 203.
(pdftex.def)             Requested size: 116.65646pt x 115.17995pt.
LaTeX Font Info:    Trying to load font information for T1+opensans-TLF on inpu
t line 203.

(/home/jakito/.local/texlive/2026/texmf-dist/tex/latex/opensans/T1opensans-TLF.
fd
File: T1opensans-TLF.fd 2019/06/24 Font definitions for T1/opensans-TLF.
)
LaTeX Font Info:    Font shape `T1/opensans-TLF/m/n' will be
(Font)              scaled to size 18.0pt on input line 203.
LaTeX Font Info:    Font shape `T1/opensans-TLF/b/n' will be
(Font)              scaled to size 18.0pt on input line 203.
LaTeX Font Info:    Font shape `T1/opensans-TLF/m/n' will be
(Font)              scaled to size 11.0pt on input line 203.
LaTeX Font Info:    Font shape `T1/opensans-TLF/b/n' will be
(Font)              scaled to size 11.0pt on input line 203.
LaTeX Font Info:    Font shape `T1/opensans-TLF/m/n' will be
(Font)              scaled to size 14.0pt on input line 203.
LaTeX Font Info:    Font shape `T1/opensans-TLF/b/n' will be
(Font)              scaled to size 14.0pt on input line 203.

Overfull \hbox (6.6202pt too wide) in paragraph at lines 203--203
\T1/opensans-TLF/b/n/18 AN EN-VI-RON-MENT FOR THE VI-SUAL DE-SIGN, MON-
 []


Overfull \hbox (24.00795pt too wide) in paragraph at lines 203--203
\T1/opensans-TLF/b/n/18 I-TOR-ING, AND MAN-AGE-MENT OF DIS-TRIBUTED CON-
 []

LaTeX Font Info:    Font shape `T1/opensans-TLF/m/n' will be
(Font)              scaled to size 10.0pt on input line 203.
LaTeX Font Info:    Font shape `T1/opensans-TLF/b/n' will be
(Font)              scaled to size 10.0pt on input line 203.

Overfull \hbox (11.6018pt too wide) in paragraph at lines 203--203
\T1/opensans-TLF/b/n/10 PROSTÉED═ PRO VIZU┴LN═ N┴VRH, MON-I-TOROV┴N═ A SPR┴VU D
IS-TRIBUO-VAN¦CH É═DIC═CH
 []

[1

{/home/jakito/.local/texlive/2026/texmf-var/fonts/map/pdftex/updmap/pdftex.map}
{/home/jakito/.local/texlive/2026/texmf-dist/fonts/enc/dvips/opensans/a_jg4h6q.
enc} <./template-fig/VUT_symbol_barevne_CMYK_CZ.pdf>] [2{/home/jakito/.local/te
xlive/2026/texmf-dist/fonts/enc/dvips/lm/lm-ec.enc}] [3] (./projekt.toc<<ot1.cm
ap>>
LaTeX Font Info:    Trying to load font information for U+msa on input line 3.
 (/home/jakito/.local/texlive/2026/texmf-dist/tex/latex/amsfonts/umsa.fd
File: umsa.fd 2013/01/14 v3.01 AMS symbols A
)
LaTeX Font Info:    Trying to load font information for U+msb on input line 3.
(/home/jakito/.local/texlive/2026/texmf-dist/tex/latex/amsfonts/umsb.fd
File: umsb.fd 2013/01/14 v3.01 AMS symbols B
)
pdfTeX warning (ext4): destination with the same identifier (name{page.1}) has 
been already used, duplicate ignored
<to be read again> 
                   \relax 
l.55 ...ed Development Environment}{27}{chapter.8}
                                                  % [1


])
\tf@toc=\write4
\openout4 = `projekt.toc'.


pdfTeX warning (ext4): destination with the same identifier (name{page.2}) has 
been already used, duplicate ignored
<to be read again> 
                   \relax 
l.215   {\hypersetup{hidelinks}\listoffigures
                                             } [2] (./projekt.lof)
\tf@lof=\write5
\openout5 = `projekt.lof'.


(./projekt-01-kapitoly-chapters-en.tex
pdfTeX warning (ext4): destination with the same identifier (name{page.3}) has 
been already used, duplicate ignored
<to be read again> 
                   \relax 
l.28 \chapter
             {Introduction} [3

]
Chapter 1.
LaTeX Font Info:    Trying to load font information for TS1+lmr on input line 3
8.
(/home/jakito/.local/texlive/2026/texmf-dist/tex/latex/lm/ts1lmr.fd
File: ts1lmr.fd 2015/05/01 v1.6.1 Font defs for Latin Modern
) [4

{/home/jakito/.local/texlive/2026/texmf-dist/fonts/enc/dvips/lm/lm-ts1.enc}] [5
]
Chapter 2.
[6

]
LaTeX Font Info:    Trying to load font information for T1+lmtt on input line 1
16.
 (/home/jakito/.local/texlive/2026/texmf-dist/tex/latex/lm/t1lmtt.fd
File: t1lmtt.fd 2015/05/01 v1.6.1 Font defs for Latin Modern
)
Overfull \hbox (5.5164pt too wide) in paragraph at lines 121--122
[]\T1/lmr/m/n/10.95 This struc-ture cor-re-sponds to a Moore/Mealy hy-brid: \T1
/lmtt/m/n/10.95 on_enter \T1/lmr/m/n/10.95 pro-vides state-dependent
 []

[7] [8]
Chapter 3.

Overfull \hbox (11.70692pt too wide) in paragraph at lines 178--179
[]\T1/lmr/m/n/10.95 Send mes-sages to ex-ter-nal sinks --- MQTT pub-lish, HTTP 
re-sponse, database
 []

[9

]
Overfull \hbox (11.63109pt too wide) in paragraph at lines 187--188
\T1/lmtt/m/n/10.95 node-red-contrib-finite-statemachine\T1/lmr/m/n/10.95 , \T1/
lmtt/m/n/10.95 node-red-contrib-xstate-machine\T1/lmr/m/n/10.95 ), but these
 []

[10] [11]
Overfull \hbox (37.04495pt too wide) in paragraph at lines 252--271
 [][] 
 []


Overfull \hbox (3.22745pt too wide) in paragraph at lines 285--286
[]\T1/lmr/m/n/10.95 The run-time en-gine must com-pile and ex-e-cute on desk-to
p Linux/macOS,
 []

[12] [13]
Chapter 4.
[14

]
LaTeX Font Info:    Font shape `T1/lmtt/bx/n' in size <10.95> not available
(Font)              Font shape `T1/lmtt/b/n' tried instead on input line 336.
 [15] [16]
Chapter 5.

Overfull \hbox (42.8518pt too wide) in paragraph at lines 375--376
\T1/lmr/m/n/10.95 Each state $\OML/cmm/m/it/10.95 q \OMS/cmsy/m/n/10.95 2 \OML/
cmm/m/it/10.95 Q$ \T1/lmr/m/n/10.95 is iden-ti-fied by a string \T1/lmtt/m/n/10
.95 StateId \T1/lmr/m/n/10.95 match-ing the pat-tern \T1/lmtt/m/n/10.95 ^^B[A-Z
a-z_][A-Za-z0-9_]*$\T1/lmr/m/n/10.95 .
 []

[17

] [18] [19]
Package hyperref Info: bookmark level for unknown lstlisting defaults to 0 on i
nput line 500.
 [20]
Overfull \hbox (11.13318pt too wide) in paragraph at lines 560--561
[]\T1/lmr/m/n/10.95 Every tran-si-tion end-point (\T1/lmtt/m/n/10.95 from\T1/lm
r/m/n/10.95 , \T1/lmtt/m/n/10.95 to\T1/lmr/m/n/10.95 ) must ref-er-ence a state
 de-fined in \T1/lmtt/m/n/10.95 automata.states\T1/lmr/m/n/10.95 . 
 []

[21]
Chapter 6.

Overfull \hbox (33.98761pt too wide) in paragraph at lines 576--577
\T1/lmr/m/n/10.95 con-fig-u-ra-tion structs (\T1/lmtt/m/n/10.95 ClassicConfig\T
1/lmr/m/n/10.95 , \T1/lmtt/m/n/10.95 TimedConfig\T1/lmr/m/n/10.95 , \T1/lmtt/m/
n/10.95 EventConfig\T1/lmr/m/n/10.95 , \T1/lmtt/m/n/10.95 ProbabilisticConfig\T
1/lmr/m/n/10.95 ). 
 []


Overfull \hbox (15.54237pt too wide) in paragraph at lines 577--578
\T1/lmtt/m/n/10.95 string\T1/lmr/m/n/10.95 , \T1/lmtt/m/n/10.95 vector<uint8_t>
\T1/lmr/m/n/10.95 ), \T1/lmtt/m/n/10.95 VariableSpec\T1/lmr/m/n/10.95 , \T1/lmt
t/m/n/10.95 Variable \T1/lmr/m/n/10.95 (run-time in-stance with \T1/lmtt/m/n/10
.95 changed()
 []


Overfull \hbox (28.26831pt too wide) in paragraph at lines 578--579
[]\T1/lmr/m/n/10.95 Enumerations (\T1/lmtt/m/n/10.95 ValueType\T1/lmr/m/n/10.95
 , \T1/lmtt/m/n/10.95 TransitionType\T1/lmr/m/n/10.95 , \T1/lmtt/m/n/10.95 Time
dMode\T1/lmr/m/n/10.95 , \T1/lmtt/m/n/10.95 EventTrigger\T1/lmr/m/n/10.95 , \T1
/lmtt/m/n/10.95 CompareOp\T1/lmr/m/n/10.95 ,
 []

[22

]
Overfull \hbox (29.03194pt too wide) in paragraph at lines 632--633
[]\T1/lmr/m/n/10.95 Per-tick and per-message en-ergy con-sump-tion, com-bined w
ith a \T1/lmtt/m/n/10.95 BatteryProfile
 []

[23] [24]
Chapter 7.
[25

] [26]
Chapter 8.
[27

] [28]
Chapter 9.
[29

] [30]
Chapter 10.

Overfull \hbox (133.55539pt too wide) in paragraph at lines 799--800
\T1/lmr/m/n/10.95 All def-i-ni-tions re-side in \T1/lmtt/m/n/10.95 example/auto
mata/showcase/ \T1/lmr/m/n/10.95 and are ver-i-fied by \T1/lmtt/m/n/10.95 examp
le/automata/showcase/CATALOG.txt\T1/lmr/m/n/10.95 . 
 []


Overfull \hbox (30.52219pt too wide) in paragraph at lines 806--826
 [][] 
 []

[31

] [32]
Chapter 11.
[33

]) (./projekt.bbl [34] [35

])
\c@ttl@toc@chapters=\count370
 (./projekt-30-prilohy-appendices-en.tex
[36]
Appendix A.
[37

]
Appendix B.

Overfull \hbox (47.0223pt too wide) in paragraph at lines 74--85
 [][] 
 []

[38

]
Appendix C.

Overfull \hbox (75.70859pt too wide) in paragraph at lines 94--104
 [][] 
 []

)
\tf@ptc=\write6
\openout6 = `projekt.ptc'.

 [39

] (./projekt.aux)
 ***********
LaTeX2e <2025-11-01>
L3 programming layer <2021/03/21>
 ***********
Package rerunfilecheck Info: File `projekt.out' has not changed.
(rerunfilecheck)             Checksum: D1B40941BE595B6B39F2C1603684894C;7799.
 ) 
Here is how much of TeX's memory you used:
 16774 strings out of 468830
 263988 string characters out of 5450632
 879061 words of memory out of 5000000
 45037 multiletter control sequences out of 15000+600000
 717441 words of font info for 117 fonts, out of 8000000 for 9000
 319 hyphenation exceptions out of 8191
 75i,17n,79p,1033b,2176s stack positions out of 10000i,1000n,20000p,200000b,200000s
</home/jakito/.local/texlive/2026/texmf-dist/fonts/type1/ascender/opensans/Op
enSans-Bold.pfb></home/jakito/.local/texlive/2026/texmf-dist/fonts/type1/public
/amsfonts/cm/cmex10.pfb></home/jakito/.local/texlive/2026/texmf-dist/fonts/type
1/public/amsfonts/cm/cmmi10.pfb></home/jakito/.local/texlive/2026/texmf-dist/fo
nts/type1/public/amsfonts/cm/cmmi8.pfb></home/jakito/.local/texlive/2026/texmf-
dist/fonts/type1/public/amsfonts/cm/cmr10.pfb></home/jakito/.local/texlive/2026
/texmf-dist/fonts/type1/public/amsfonts/cm/cmr8.pfb></home/jakito/.local/texliv
e/2026/texmf-dist/fonts/type1/public/amsfonts/cm/cmsy10.pfb></home/jakito/.loca
l/texlive/2026/texmf-dist/fonts/type1/public/amsfonts/cm/cmsy8.pfb></home/jakit
o/.local/texlive/2026/texmf-dist/fonts/type1/public/amsfonts/cm/cmti10.pfb></ho
me/jakito/.local/texlive/2026/texmf-dist/fonts/type1/public/amsfonts/cm/cmti8.p
fb></home/jakito/.local/texlive/2026/texmf-dist/fonts/type1/public/lm/lmbx10.pf
b></home/jakito/.local/texlive/2026/texmf-dist/fonts/type1/public/lm/lmbx12.pfb
></home/jakito/.local/texlive/2026/texmf-dist/fonts/type1/public/lm/lmcsc10.pfb
></home/jakito/.local/texlive/2026/texmf-dist/fonts/type1/public/lm/lmr10.pfb><
/home/jakito/.local/texlive/2026/texmf-dist/fonts/type1/public/lm/lmr6.pfb></ho
me/jakito/.local/texlive/2026/texmf-dist/fonts/type1/public/lm/lmr8.pfb></home/
jakito/.local/texlive/2026/texmf-dist/fonts/type1/public/lm/lmri10.pfb></home/j
akito/.local/texlive/2026/texmf-dist/fonts/type1/public/lm/lmtk10.pfb></home/ja
kito/.local/texlive/2026/texmf-dist/fonts/type1/public/lm/lmtt10.pfb></home/jak
ito/.local/texlive/2026/texmf-dist/fonts/type1/public/lm/lmtt8.pfb></home/jakit
o/.local/texlive/2026/texmf-dist/fonts/type1/public/amsfonts/symbols/msbm10.pfb
>
Output written on projekt.pdf (42 pages, 746935 bytes).
PDF statistics:
 838 PDF objects out of 1000 (max. 8388607)
 738 compressed objects within 8 object streams
 238 named destinations out of 1000 (max. 500000)
 428 words of extra memory for PDF output out of 10000 (max. 10000000)

